Logged in at 1769594998
Logged in at 1769595806
Deleted user 3 at 1769595812
Logged in at 1769596229
Modify the authorization level of user 1 to 5 at 1769598781
Modify the authorization level of user 1 to 1 at 1769598889
Logged in at 1769598940
Modify the authorization level of user Xiaoyu to 5 at 1769598950
Modify the authorization level of user 1 to 3 at 1769598960
Deleted user 1 at 1769598978
Logged in at 1769599285
Logged in at 1769599319
Logged in at 1769599757
Logged in at 1769601067
Modify the authorization level of user 1 to 1 at 1769601079
Modify the authorization level of user 2 to 2 at 1769601084
Modify the authorization level of user 3 to 3 at 1769601089
Modify the authorization level of user 4 to 4 at 1769601094
Modify the authorization level of user 1 to 0 at 1769601287
Modify the authorization level of user 1 to 1 at 1769601293
Logged in at 1769605149
Logged in at 1769610449
Logged in at 1769753429
Modify the authorization level of user 3 to 4 at 1769753542
Modify the authorization level of user 3 to 3 at 1769753550
Modify the authorization level of user 2 to 4 at 1769753969
Modify the authorization level of user 2 to 2 at 1769753984
Logged in at 1769765821
Logged in at 1769772837
Modify the authorization level of user 1 to 1 at 1769772846
Logged in at 1769773001
Logged in at 1769774703
Modify the authorization level of user pad to 2 at 1769774725
Modify the authorization level of user pad to 0 at 1769774850
Modify the authorization level of user pad to 2 at 1769774862
Modify the authorization level of user pad to 1 at 1769775271
Modify the authorization level of user pad to 2 at 1769775304
Modify the authorization level of user pad to 4 at 1769775313
Modify the authorization level of user pad to 2 at 1769775336
Logged in at 1769775688
Logged in at 1769777879
Logged in at 1769777980
Logged in at 1769778224
Logged in at 1769783113
Logged in at 1769823243
Logged in at 1769823638
Logged in at 1769825658
Logged in at 1770188887
Logged in at 1770274380
Logged in at 1770274411
Deleted user pad at 1770274441
Logged in at 1770275855
Modify the authorization level of user althafmarsoof to 4 at 1770275907
Modify the authorization level of user asksia to 4 at 1770275912
Logged in at 1773028821
Password Changed at 1773028873
Logged in at 1773029620
Modify the authorization level of user 1 to 2 at 1773029626
Modify the authorization level of user 1 to 1 at 1773029633
Logged in at 1773030191
Logged in at 1773109731
Logged in at 1773118788
Logged in at 1773119485
Logged in at 1773119796
Logged in at 1773119915
Logged in at 1773120011
Logged in at 1773202713
added order 1, 29, 3, 2026-03-11T12:18
added order 3, 26, 7, 2026-03-11T12:20 at1773202831
added order 8 at 1773203413
Logged in at 1774007666
Modify customer AAAAA at 1774007775
Logged in at 1774008557
Logged in at 1774331004
out_stock record 0 added at 1774331135
added order 9 at 1774331165
out_stock record 0 added at 1774331184
out_stock record 0 added at 1774331228
Logged in at 1774331453
out_stock record 0 added at 1774331600
out_stock record 0 added at 1774331932
out_stock record 0 added at 1774331937
added order 10 at 1774332316
out_stock record 0 added at 1774332326
added order 11 at 1774332624
Logged in at 1774588798
added order 12 at 1774588848
out_stock record 0 added at 1774588871
added order 13 at 1774589113
out_stock record 0 added at 1774589142
added order 14 at 1774589195
out_stock record 0 added at 1774589211
added order 15 at 1774589417
out_stock record 0 added at 1774589430
